2014-09-23T20:28:16+02:00 INFO (6): resavepostsAction : started at 1411496896.006
2014-09-23T20:28:17+02:00 INFO (6): resavepostsAction : Number of processed post is : 1
2014-09-23T20:28:17+02:00 INFO (6): resavepostsAction : Processed of advertiser with wp_post_id = 341
2014-09-23T20:28:18+02:00 INFO (6): resavepostsAction : $localWpPostID = 341; $chPostExist = 341
2014-09-23T20:28:21+02:00 INFO (6): resavepostsAction : "edit_post" by RPC : {"params":{"param":{"value":{"boolean":"1"}}}}
2014-09-23T20:28:22+02:00 INFO (6): resavepostsAction : Number of processed post is : 2
2014-09-23T20:28:22+02:00 INFO (6): resavepostsAction : Processed of advertiser with wp_post_id = 345
2014-09-23T20:28:23+02:00 INFO (6): resavepostsAction : $localWpPostID = 345; $chPostExist = 345
2014-09-23T20:28:26+02:00 INFO (6): resavepostsAction : "edit_post" by RPC : {"params":{"param":{"value":{"boolean":"1"}}}}
2014-09-23T20:28:27+02:00 INFO (6): resavepostsAction : Number of processed post is : 3
2014-09-23T20:28:27+02:00 INFO (6): resavepostsAction : Processed of advertiser with wp_post_id = 319
2014-09-23T20:28:28+02:00 INFO (6): resavepostsAction : $localWpPostID = 319; $chPostExist = 319
2014-09-23T20:28:31+02:00 INFO (6): resavepostsAction : "edit_post" by RPC : {"params":{"param":{"value":{"boolean":"1"}}}}
2014-09-23T20:28:32+02:00 INFO (6): resavepostsAction : Number of processed post is : 4
2014-09-23T20:28:32+02:00 INFO (6): resavepostsAction : Processed of advertiser with wp_post_id = 228
2014-09-23T20:28:33+02:00 INFO (6): resavepostsAction : $localWpPostID = 228; $chPostExist = 228
2014-09-23T20:28:35+02:00 INFO (6): resavepostsAction : "edit_post" by RPC : {"params":{"param":{"value":{"boolean":"1"}}}}
2014-09-23T20:28:36+02:00 INFO (6): resavepostsAction : Number of processed post is : 5
2014-09-23T20:28:36+02:00 INFO (6): resavepostsAction : Processed of advertiser with wp_post_id = 139
2014-09-23T20:28:37+02:00 INFO (6): resavepostsAction : $localWpPostID = 139; $chPostExist = 139
2014-09-23T20:28:40+02:00 INFO (6): resavepostsAction : "edit_post" by RPC : {"params":{"param":{"value":{"boolean":"1"}}}}
2014-09-23T20:28:41+02:00 INFO (6): resavepostsAction : Number of processed post is : 6
2014-09-23T20:28:41+02:00 INFO (6): resavepostsAction : Processed of advertiser with wp_post_id = 315
2014-09-23T20:28:42+02:00 INFO (6): resavepostsAction : $localWpPostID = 315; $chPostExist = 315
2014-09-23T20:28:45+02:00 INFO (6): resavepostsAction : "edit_post" by RPC : {"params":{"param":{"value":{"boolean":"1"}}}}
